c:\users\李万波\source\repos\project1\project1\debug\vc141.pdb
c:\users\李万波\source\repos\project1\project1\debug\vc141.idb
c:\users\李万波\source\repos\project1\project1\debug\多态1.obj
c:\users\李万波\source\repos\project1\project1\debug\shape.obj
c:\users\李万波\source\repos\project1\project1\debug\rect.obj
c:\users\李万波\source\repos\project1\project1\debug\circle.obj
c:\users\李万波\source\repos\project1\debug\project1.pdb
c:\users\李万波\source\repos\project1\project1\debug\project1.tlog\cl.command.1.tlog
c:\users\李万波\source\repos\project1\project1\debug\project1.tlog\cl.read.1.tlog
c:\users\李万波\source\repos\project1\project1\debug\project1.tlog\cl.write.1.tlog
c:\users\李万波\source\repos\project1\project1\debug\project1.tlog\link-cvtres.read.1.tlog
c:\users\李万波\source\repos\project1\project1\debug\project1.tlog\link-cvtres.write.1.tlog
c:\users\李万波\source\repos\project1\project1\debug\project1.tlog\link-rc.read.1.tlog
c:\users\李万波\source\repos\project1\project1\debug\project1.tlog\link-rc.write.1.tlog
c:\users\李万波\source\repos\project1\project1\debug\project1.tlog\link.20960-cvtres.read.1.tlog
c:\users\李万波\source\repos\project1\project1\debug\project1.tlog\link.20960-cvtres.write.1.tlog
c:\users\李万波\source\repos\project1\project1\debug\project1.tlog\link.20960-rc.read.1.tlog
c:\users\李万波\source\repos\project1\project1\debug\project1.tlog\link.20960-rc.write.1.tlog
c:\users\李万波\source\repos\project1\project1\debug\project1.tlog\link.20960.read.1.tlog
c:\users\李万波\source\repos\project1\project1\debug\project1.tlog\link.20960.write.1.tlog
c:\users\李万波\source\repos\project1\project1\debug\project1.tlog\link.command.1.tlog
c:\users\李万波\source\repos\project1\project1\debug\project1.tlog\link.read.1.tlog
c:\users\李万波\source\repos\project1\project1\debug\project1.tlog\link.write.1.tlog
