c:\users\李万波\source\repos\project1\project1\x64\debug\vc141.pdb
c:\users\李万波\source\repos\project1\project1\x64\debug\vc141.idb
c:\users\李万波\source\repos\project1\project1\x64\debug\多态1.obj
c:\users\李万波\source\repos\project1\project1\x64\debug\shape.obj
c:\users\李万波\source\repos\project1\project1\x64\debug\rect.obj
c:\users\李万波\source\repos\project1\project1\x64\debug\coordinate.obj
c:\users\李万波\source\repos\project1\project1\x64\debug\circle.obj
c:\users\李万波\source\repos\project1\x64\debug\多态1.pdb
c:\users\李万波\source\repos\project1\project1\x64\debug\多态1.tlog\cl.command.1.tlog
c:\users\李万波\source\repos\project1\project1\x64\debug\多态1.tlog\cl.read.1.tlog
c:\users\李万波\source\repos\project1\project1\x64\debug\多态1.tlog\cl.write.1.tlog
c:\users\李万波\source\repos\project1\project1\x64\debug\多态1.tlog\link-cvtres.read.1.tlog
c:\users\李万波\source\repos\project1\project1\x64\debug\多态1.tlog\link-cvtres.write.1.tlog
c:\users\李万波\source\repos\project1\project1\x64\debug\多态1.tlog\link-rc.read.1.tlog
c:\users\李万波\source\repos\project1\project1\x64\debug\多态1.tlog\link-rc.write.1.tlog
c:\users\李万波\source\repos\project1\project1\x64\debug\多态1.tlog\link.15084-cvtres.read.1.tlog
c:\users\李万波\source\repos\project1\project1\x64\debug\多态1.tlog\link.15084-cvtres.write.1.tlog
c:\users\李万波\source\repos\project1\project1\x64\debug\多态1.tlog\link.15084-rc.read.1.tlog
c:\users\李万波\source\repos\project1\project1\x64\debug\多态1.tlog\link.15084-rc.write.1.tlog
c:\users\李万波\source\repos\project1\project1\x64\debug\多态1.tlog\link.15084.read.1.tlog
c:\users\李万波\source\repos\project1\project1\x64\debug\多态1.tlog\link.15084.write.1.tlog
c:\users\李万波\source\repos\project1\project1\x64\debug\多态1.tlog\link.command.1.tlog
c:\users\李万波\source\repos\project1\project1\x64\debug\多态1.tlog\link.read.1.tlog
c:\users\李万波\source\repos\project1\project1\x64\debug\多态1.tlog\link.write.1.tlog
